c:\users\julia\source\repos\tarefa3\tarefa3\x64\debug\vc143.pdb
c:\users\julia\source\repos\tarefa3\tarefa3\x64\debug\vc143.idb
c:\users\julia\source\repos\tarefa3\tarefa3\x64\debug\vector.obj
c:\users\julia\source\repos\tarefa3\tarefa3\x64\debug\main.obj
c:\users\julia\source\repos\tarefa3\tarefa3\x64\debug\sphere.obj
c:\users\julia\source\repos\tarefa3\tarefa3\x64\debug\scene.obj
c:\users\julia\source\repos\tarefa3\tarefa3\x64\debug\plan.obj
c:\users\julia\source\repos\tarefa3\tarefa3\x64\debug\libsdl.obj
c:\users\julia\source\repos\tarefa3\tarefa3\x64\debug\object.obj
c:\users\julia\source\repos\tarefa3\tarefa3\x64\debug\light.obj
c:\users\julia\source\repos\tarefa3\tarefa3\x64\debug\color.obj
c:\users\julia\source\repos\tarefa3\x64\debug\tarefa3.exe
c:\users\julia\source\repos\tarefa3\tarefa3\x64\debug\tarefa3.ilk
c:\users\julia\source\repos\tarefa3\x64\debug\tarefa3.pdb
c:\users\julia\source\repos\tarefa3\tarefa3\x64\debug\tarefa3.tlog\cl.command.1.tlog
c:\users\julia\source\repos\tarefa3\tarefa3\x64\debug\tarefa3.tlog\cl.read.1.tlog
c:\users\julia\source\repos\tarefa3\tarefa3\x64\debug\tarefa3.tlog\cl.write.1.tlog
c:\users\julia\source\repos\tarefa3\tarefa3\x64\debug\tarefa3.tlog\link.command.1.tlog
c:\users\julia\source\repos\tarefa3\tarefa3\x64\debug\tarefa3.tlog\link.read.1.tlog
c:\users\julia\source\repos\tarefa3\tarefa3\x64\debug\tarefa3.tlog\link.write.1.tlog
